_log_header: talos.sh
[Fri  5 Aug 00:48:22 BST 2016] [INFO]	[-><-]   : talos.sh v.0.0.1
[Fri  5 Aug 00:48:22 BST 2016] [INFO]	[[32m OK [39m]   : Start at Fri  5 Aug 00:48:22 BST 2016
[Fri  5 Aug 00:48:22 BST 2016] [ERROR]	Run as root!
_log_header: talos.sh
[Fri  5 Aug 00:52:17 BST 2016] [[32m INFO [39m]	talos.sh v.0.0.1
[Fri  5 Aug 00:52:17 BST 2016] [[32m INFO [39m]	Start at Fri  5 Aug 00:52:17 BST 2016
[Fri  5 Aug 00:52:17 BST 2016] [ERROR]	Run as root!
_log_header: talos.sh
[Fri  5 Aug 00:53:35 BST 2016] [ INFO ]	talos.sh v.0.0.1
[Fri  5 Aug 00:53:35 BST 2016] [ INFO ]	Start at Fri  5 Aug 00:53:35 BST 2016
[Fri  5 Aug 00:53:35 BST 2016] [ERROR]	Run as root!
_log_header: talos.sh
[Fri  5 Aug 00:55:45 BST 2016] [ INFO ]	talos.sh v.0.0.1
[Fri  5 Aug 00:55:45 BST 2016] [ INFO ]	Start at Fri  5 Aug 00:55:45 BST 2016
[Fri  5 Aug 00:55:45 BST 2016] [ERROR]	Run as root!
_log_header: talos.sh
[Fri  5 Aug 00:56:45 BST 2016] [ INFO ]	talos.sh v.0.0.1
[Fri  5 Aug 00:56:45 BST 2016] [ INFO ]	Start at Fri  5 Aug 00:56:45 BST 2016
[Fri  5 Aug 00:56:45 BST 2016] [ ERROR ]	Run as root!
_log_header: talos.sh
[Fri  5 Aug 00:57:02 BST 2016] [ INFO ]	talos.sh v.0.0.1
[Fri  5 Aug 00:57:02 BST 2016] [ INFO ]	Start at Fri  5 Aug 00:57:02 BST 2016
[Fri  5 Aug 00:57:02 BST 2016] [ ERROR ]	You need to install 123
_log_header: talos.sh
[Fri  5 Aug 00:58:18 BST 2016] [ INFO ]   talos.sh v.0.0.1
[Fri  5 Aug 00:58:18 BST 2016] [ INFO ]   Start at Fri  5 Aug 00:58:18 BST 2016
[Fri  5 Aug 00:58:18 BST 2016] [ ERROR ] Run as root!
_log_header: talos.sh
[Fri  5 Aug 00:58:45 BST 2016] [ INFO ] talos.sh v.0.0.1
[Fri  5 Aug 00:58:45 BST 2016] [ INFO ] Start at Fri  5 Aug 00:58:45 BST 2016
[Fri  5 Aug 00:58:45 BST 2016] [ ERROR ] Run as root!
_log_header: talos.sh
[Fri  5 Aug 00:59:02 BST 2016] [ INFO ]  talos.sh v.0.0.1
[Fri  5 Aug 00:59:02 BST 2016] [ INFO ]  Start at Fri  5 Aug 00:59:02 BST 2016
[Fri  5 Aug 00:59:02 BST 2016] [ ERROR ] Run as root!
_log_header: talos.sh
[Fri  5 Aug 01:02:51 BST 2016] [ INFO ]  Start talos.sh v.0.0.1
[Fri  5 Aug 01:02:51 BST 2016] [ INFO ]  Start at Fri  5 Aug 01:02:51 BST 2016
[Fri  5 Aug 01:02:51 BST 2016] [ ERROR ] Run as root!
_log_header: talos.sh
[Fri  5 Aug 01:02:59 BST 2016] [ INFO ]  Start talos.sh v.0.0.1
[Fri  5 Aug 01:02:59 BST 2016] [ INFO ]  Start at Fri  5 Aug 01:02:59 BST 2016
[Fri  5 Aug 01:02:59 BST 2016] [ ERROR ] You need to install 123
_log_header: talos.sh
[Fri  5 Aug 01:04:36 BST 2016] [ INFO ]  Start talos.sh v.0.0.1
[Fri  5 Aug 01:04:36 BST 2016] [ INFO ]  Start at Fri  5 Aug 01:04:36 BST 2016
[Fri  5 Aug 01:04:36 BST 2016] [ INFO ]  All required commands installed - sshd
_log_header: talos.sh
[2016-08-05 W31 01:13:50] [ INFO ]  Start talos v.0.0.1
[2016-08-05 W31 01:13:50] [ INFO ]  Start at Fri  5 Aug 01:13:50 BST 2016
[2016-08-05 W31 01:13:50] [ INFO ]  All required commands installed - sshd
